#
# There is insufficient memory for the Java Runtime Environment to continue.
# Native memory allocation (mmap) failed to map 53477376 bytes for Failed to commit area from 0x0000000712600000 to 0x0000000715900000 of length 53477376.
# Possible reasons:
#   The system is out of physical RAM or swap space
#   The process is running with CompressedOops enabled, and the Java Heap may be blocking the growth of the native heap
# Possible solutions:
#   Reduce memory load on the system
#   Increase physical memory or swap space
#   Check if swap backing store is full
#   Decrease Java heap size (-Xmx/-Xms)
#   Decrease number of Java threads
#   Decrease Java thread stack sizes (-Xss)
#   Set larger code cache with -XX:ReservedCodeCacheSize=
#   JVM is running with Zero Based Compressed Oops mode in which the Java heap is
#     placed in the first 32GB address space. The Java Heap base address is the
#     maximum limit for the native heap growth. Please use -XX:HeapBaseMinAddress
#     to set the Java Heap base and to place the Java Heap above 32GB virtual address.
# This output file may be truncated or incomplete.
#
#  Out of Memory Error (t:/workspace/open/src/hotspot/os/windows/os_windows.cpp:3274), pid=14764, tid=11980
#
# JRE version: Java(TM) SE Runtime Environment (11.0.5+10) (build 11.0.5+10-LTS)
# Java VM: Java HotSpot(TM) 64-Bit Server VM (11.0.5+10-LTS, mixed mode, tiered, compressed oops, g1 gc, windows-amd64)
# No core dump will be written. Minidumps are not enabled by default on client versions of Windows
#

---------------  S U M M A R Y ------------

Command Line: -agentlib:jdwp=transport=dt_socket,address=127.0.0.1:63705,suspend=y,server=n -javaagent:C:\Users\Hieu\AppData\Local\JetBrains\Toolbox\apps\IDEA-U\ch-0\203.7148.57\plugins\java\lib\rt\debugger-agent.jar -Dfile.encoding=UTF-8 io.hieu.guitartech.GuitarTechApplication

Host: Intel(R) Core(TM) i7-8550U CPU @ 1.80GHz, 8 cores, 15G,  Windows 10 , 64 bit Build 19041 (10.0.19041.804)
Time: Wed Mar 17 17:26:53 2021 SE Asia Standard Time elapsed time: 15 seconds (0d 0h 0m 15s)

---------------  T H R E A D  ---------------

Current thread (0x000001e37f497000):  VMThread "VM Thread" [stack: 0x000000c6e7500000,0x000000c6e7600000] [id=11980]

Stack: [0x000000c6e7500000,0x000000c6e7600000]
[error occurred during error reporting (printing stack bounds), id 0xc0000005, EXCEPTION_ACCESS_VIOLATION (0xc0000005) at pc=0x000001e308290bad]

Native frames: (J=compiled Java code, j=interpreted, Vv=VM code, C=native code)
V  [jvm.dll+0x63611a]
V  [jvm.dll+0x77426f]
V  [jvm.dll+0x77591a]
V  [jvm.dll+0x775f35]
V  [jvm.dll+0x775eeb]
V  [jvm.dll+0x635826]
V  [jvm.dll+0x635be8]
C  [ntdll.dll+0xa197f]
C  [ntdll.dll+0x4b754]
C  [ntdll.dll+0xa04ae]
C  0x000001e308290bad

VM_Operation (0x000000c6e8af8fd0): G1CollectForAllocation, mode: safepoint, requested by thread 0x000001e31dbf3000


---------------  P R O C E S S  ---------------

Threads class SMR info:
_java_thread_list=0x000001e32de99ff0, length=42, elements={
0x000001e378dec800, 0x000001e37f49c000, 0x000001e37f49d800, 0x000001e37f4be000,
0x000001e31d2db800, 0x000001e31d2dc800, 0x000001e31d31c800, 0x000001e31d350000,
0x000001e37f457000, 0x000001e31d523800, 0x000001e31d4d3000, 0x000001e31d4be800,
0x000001e31d5d5000, 0x000001e31e09a000, 0x000001e31dbf3000, 0x000001e31dad9800,
0x000001e31ebcf800, 0x000001e324e05000, 0x000001e3229f6000, 0x000001e32231e800,
0x000001e322322800, 0x000001e322321000, 0x000001e322322000, 0x000001e322320000,
0x000001e322325000, 0x000001e322323800, 0x000001e32231f800, 0x000001e322324800,
0x000001e32dc75000, 0x000001e32dc73800, 0x000001e32dc77000, 0x000001e32dc77800,
0x000001e32dc72000, 0x000001e32dc78800, 0x000001e32dc76000, 0x000001e32dc74800,
0x000001e32dc72800, 0x000001e32dc7a000, 0x000001e32dc7b000, 0x000001e32dc7b800,
0x000001e32dc7c800, 0x000001e32dc7d800
}

Java Threads: ( => current thread )
  0x000001e378dec800 JavaThread "main" [_thread_blocked, id=15708, stack(0x000000c6e6f00000,0x000000c6e7000000)]
  0x000001e37f49c000 JavaThread "Reference Handler" daemon [_thread_blocked, id=19560, stack(0x000000c6e7600000,0x000000c6e7700000)]
  0x000001e37f49d800 JavaThread "Finalizer" daemon [_thread_blocked, id=17908, stack(0x000000c6e7700000,0x000000c6e7800000)]
  0x000001e37f4be000 JavaThread "Signal Dispatcher" daemon [_thread_blocked, id=21208, stack(0x000000c6e7800000,0x000000c6e7900000)]
  0x000001e31d2db800 JavaThread "Attach Listener" daemon [_thread_blocked, id=14628, stack(0x000000c6e7900000,0x000000c6e7a00000)]
  0x000001e31d2dc800 JavaThread "C2 CompilerThread0" daemon [_thread_in_native, id=19272, stack(0x000000c6e7a00000,0x000000c6e7b00000)]
  0x000001e31d31c800 JavaThread "C1 CompilerThread0" daemon [_thread_blocked, id=20972, stack(0x000000c6e7b00000,0x000000c6e7c00000)]
  0x000001e31d350000 JavaThread "Sweeper thread" daemon [_thread_blocked, id=21376, stack(0x000000c6e7c00000,0x000000c6e7d00000)]
  0x000001e37f457000 JavaThread "Common-Cleaner" daemon [_thread_blocked, id=2576, stack(0x000000c6e7d00000,0x000000c6e7e00000)]
  0x000001e31d523800 JavaThread "JDWP Transport Listener: dt_socket" daemon [_thread_blocked, id=16416, stack(0x000000c6e7e00000,0x000000c6e7f00000)]
  0x000001e31d4d3000 JavaThread "JDWP Event Helper Thread" daemon [_thread_blocked, id=17776, stack(0x000000c6e7f00000,0x000000c6e8000000)]
  0x000001e31d4be800 JavaThread "JDWP Command Reader" daemon [_thread_in_native, id=15644, stack(0x000000c6e8000000,0x000000c6e8100000)]
  0x000001e31d5d5000 JavaThread "Service Thread" daemon [_thread_blocked, id=18072, stack(0x000000c6e8100000,0x000000c6e8200000)]
  0x000001e31e09a000 JavaThread "Thread-0" [_thread_blocked, id=21068, stack(0x000000c6e8900000,0x000000c6e8a00000)]
  0x000001e31dbf3000 JavaThread "restartedMain" [_thread_blocked, id=21388, stack(0x000000c6e8a00000,0x000000c6e8b00000)]
  0x000001e31dad9800 JavaThread "Java2D Disposer" daemon [_thread_blocked, id=7656, stack(0x000000c6e8300000,0x000000c6e8400000)]
  0x000001e31ebcf800 JavaThread "AWT-Windows" daemon [_thread_in_native, id=19148, stack(0x000000c6e8f00000,0x000000c6e9000000)]
  0x000001e324e05000 JavaThread "C2 CompilerThread1" daemon [_thread_blocked, id=1360, stack(0x000000c6e8b00000,0x000000c6e8c00000)]
  0x000001e3229f6000 JavaThread "C2 CompilerThread2" daemon [_thread_blocked, id=13216, stack(0x000000c6e9000000,0x000000c6e9100000)]
  0x000001e32231e800 JavaThread "mysql-cj-abandoned-connection-cleanup" daemon [_thread_blocked, id=21548, stack(0x000000c6e9100000,0x000000c6e9200000)]
  0x000001e322322800 JavaThread "HikariPool-1 housekeeper" daemon [_thread_blocked, id=14036, stack(0x000000c6e9300000,0x000000c6e9400000)]
  0x000001e322321000 JavaThread "HikariPool-1 connection adder" daemon [_thread_blocked, id=2676, stack(0x000000c6e9400000,0x000000c6e9500000)]
  0x000001e322322000 JavaThread "Catalina-utility-1" [_thread_blocked, id=19832, stack(0x000000c6e9500000,0x000000c6e9600000)]
  0x000001e322320000 JavaThread "Catalina-utility-2" [_thread_blocked, id=21936, stack(0x000000c6e9600000,0x000000c6e9700000)]
  0x000001e322325000 JavaThread "container-0" [_thread_blocked, id=14508, stack(0x000000c6e9700000,0x000000c6e9800000)]
  0x000001e322323800 JavaThread "task-1" [_thread_blocked, id=20800, stack(0x000000c6e9800000,0x000000c6e9900000)]
  0x000001e32231f800 JavaThread "Live Reload Server" daemon [_thread_in_native, id=21784, stack(0x000000c6e9a00000,0x000000c6e9b00000)]
  0x000001e322324800 JavaThread "File Watcher" daemon [_thread_blocked, id=13460, stack(0x000000c6e9900000,0x000000c6e9a00000)]
  0x000001e32dc75000 JavaThread "http-nio-8080-BlockPoller" daemon [_thread_in_native, id=10268, stack(0x000000c6e9b00000,0x000000c6e9c00000)]
  0x000001e32dc73800 JavaThread "http-nio-8080-exec-1" daemon [_thread_blocked, id=1316, stack(0x000000c6e9c00000,0x000000c6e9d00000)]
  0x000001e32dc77000 JavaThread "http-nio-8080-exec-2" daemon [_thread_blocked, id=13856, stack(0x000000c6e9d00000,0x000000c6e9e00000)]
  0x000001e32dc77800 JavaThread "http-nio-8080-exec-3" daemon [_thread_blocked, id=16728, stack(0x000000c6e9e00000,0x000000c6e9f00000)]
  0x000001e32dc72000 JavaThread "http-nio-8080-exec-4" daemon [_thread_blocked, id=11332, stack(0x000000c6e9f00000,0x000000c6ea000000)]
  0x000001e32dc78800 JavaThread "http-nio-8080-exec-5" daemon [_thread_blocked, id=20700, stack(0x000000c6ea000000,0x000000c6ea100000)]
  0x000001e32dc76000 JavaThread "http-nio-8080-exec-6" daemon [_thread_blocked, id=21080, stack(0x000000c6ea100000,0x000000c6ea200000)]
  0x000001e32dc74800 JavaThread "http-nio-8080-exec-7" daemon [_thread_blocked, id=21508, stack(0x000000c6ea200000,0x000000c6ea300000)]
  0x000001e32dc72800 JavaThread "http-nio-8080-exec-8" daemon [_thread_blocked, id=12492, stack(0x000000c6ea300000,0x000000c6ea400000)]
  0x000001e32dc7a000 JavaThread "http-nio-8080-exec-9" daemon [_thread_blocked, id=20536, stack(0x000000c6ea400000,0x000000c6ea500000)]
  0x000001e32dc7b000 JavaThread "http-nio-8080-exec-10" daemon [_thread_blocked, id=21152, stack(0x000000c6ea500000,0x000000c6ea600000)]
  0x000001e32dc7b800 JavaThread "http-nio-8080-ClientPoller" daemon [_thread_in_native, id=19472, stack(0x000000c6ea600000,0x000000c6ea700000)]
  0x000001e32dc7c800 JavaThread "http-nio-8080-Acceptor" daemon [_thread_in_native, id=21028, stack(0x000000c6ea700000,0x000000c6ea800000)]
  0x000001e32dc7d800 JavaThread "task-2" [_thread_blocked, id=19396, stack(0x000000c6ea800000,0x000000c6ea900000)]

Other Threads:
=>0x000001e37f497000 VMThread "VM Thread" [stack: 0x000000c6e7500000,0x000000c6e7600000] [id=11980]
  0x000001e31d785000 WatcherThread [stack: 0x000000c6e8200000,0x000000c6e8300000] [id=3084]
  0x000001e378e06800 GCTaskThread "GC Thread#0" [stack: 0x000000c6e7000000,0x000000c6e7100000] [id=17076]
  0x000001e31e10b800 GCTaskThread "GC Thread#1" [stack: 0x000000c6e8400000,0x000000c6e8500000] [id=21024]
  0x000001e31dcbf000 GCTaskThread "GC Thread#2" [stack: 0x000000c6e8500000,0x000000c6e8600000] [id=5196]
  0x000001e31dc8d800 GCTaskThread "GC Thread#3" [stack: 0x000000c6e8600000,0x000000c6e8700000] [id=18816]
  0x000001e31e004800 GCTaskThread "GC Thread#4" [stack: 0x000000c6e8700000,0x000000c6e8800000] [id=18992]
  0x000001e31e005000 GCTaskThread "GC Thread#5" [stack: 0x000000c6e8800000,0x000000c6e8900000] [id=17260]
  0x000001e31e5dc800 GCTaskThread "GC Thread#6" [stack: 0x000000c6e8c00000,0x000000c6e8d00000] [id=21944]
  0x000001e31e24d000 GCTaskThread "GC Thread#7" [stack: 0x000000c6e8d00000,0x000000c6e8e00000] [id=20440]
  0x000001e378e62800 ConcurrentGCThread "G1 Main Marker" [stack: 0x000000c6e7100000,0x000000c6e7200000] [id=19796]
  0x000001e378e63800 ConcurrentGCThread "G1 Conc#0" [stack: 0x000000c6e7200000,0x000000c6e7300000] [id=19600]
  0x000001e31e7f3800 ConcurrentGCThread "G1 Conc#1" [stack: 0x000000c6e8e00000,0x000000c6e8f00000] [id=1816]
  0x000001e37f383000 ConcurrentGCThread "G1 Refine#0" [stack: 0x000000c6e7300000,0x000000c6e7400000] [id=4484]
  0x000001e37f384000 ConcurrentGCThread "G1 Young RemSet Sampling" [stack: 0x000000c6e7400000,0x000000c6e7500000] [id=12636]

Threads with active compile tasks:
C2 CompilerThread05223   !   4       org.springframework.core.annotation.AnnotationsScanner::processClassHierarchy (236 bytes)
C2 CompilerThread15754   !   4       org.springframework.core.annotation.AnnotationsScanner::processMethodHierarchy (286 bytes)
C2 CompilerThread26434   !   4       java.lang.reflect.Executable::declaredAnnotations (85 bytes)

VM state:at safepoint (normal execution)

VM Mutex/Monitor currently owned by a thread:  ([mutex/lock_event])
[0x000001e378de9b50] Threads_lock - owner thread: 0x000001e37f497000
[0x000001e378deb020] Heap_lock - owner thread: 0x000001e31dbf3000

Heap address: 0x0000000702800000, size: 4056 MB, Compressed Oops mode: Zero based, Oop shift amount: 3
Narrow klass base: 0x0000000800000000, Narrow klass shift: 0
Compressed class space size: 1073741824 Address: 0x0000000800000000

Heap:
 garbage-first heap   total 312320K, used 30218K [0x0000000702800000, 0x0000000800000000)
  region size 1024K, 14 young (14336K), 14 survivors (14336K)
 Metaspace       used 76502K, capacity 78275K, committed 78416K, reserved 1118208K
  class space    used 9568K, capacity 10275K, committed 10364K, reserved 1048576K
Heap Regions: E=young(eden), S=young(survivor), O=old, HS=humongous(starts), HC=humongous(continues), CS=collection set, F=free, A=archive, TAMS=top-at-mark-start (previous, next)
|   0|0x0000000702800000, 0x0000000702900000, 0x0000000702900000|100%|HS|  |TAMS 0x0000000702900000, 0x0000000702800000| Complete 
|   1|0x0000000702900000, 0x0000000702a00000, 0x0000000702a00000|100%| O|  |TAMS 0x0000000702a00000, 0x0000000702900000| Untracked 
|   2|0x0000000702a00000, 0x0000000702b00000, 0x0000000702b00000|100%| O|  |TAMS 0x0000000702b00000, 0x0000000702a00000| Untracked 
|   3|0x0000000702b00000, 0x0000000702c00000, 0x0000000702c00000|100%| O|  |TAMS 0x0000000702c00000, 0x0000000702b00000| Untracked 
|   4|0x0000000702c00000, 0x0000000702d00000, 0x0000000702d00000|100%| O|  |TAMS 0x0000000702d00000, 0x0000000702c00000| Untracked 
|   5|0x0000000702d00000, 0x0000000702e00000, 0x0000000702e00000|100%| O|  |TAMS 0x0000000702e00000, 0x0000000702d00000| Untracked 
|   6|0x0000000702e00000, 0x0000000702f00000, 0x0000000702f00000|100%| O|  |TAMS 0x0000000702f00000, 0x0000000702e00000| Untracked 
|   7|0x0000000702f00000, 0x0000000703000000, 0x0000000703000000|100%| O|  |TAMS 0x0000000703000000, 0x0000000702f00000| Untracked 
|   8|0x0000000703000000, 0x0000000703100000, 0x0000000703100000|100%| O|  |TAMS 0x00000007030e2200, 0x0000000703000000| Untracked 
|   9|0x0000000703100000, 0x0000000703200000, 0x0000000703200000|100%| O|  |TAMS 0x0000000703100000, 0x0000000703100000| Untracked 
|  10|0x0000000703200000, 0x0000000703300000, 0x0000000703300000|100%| O|  |TAMS 0x0000000703200000, 0x0000000703200000| Untracked 
|  11|0x0000000703300000, 0x0000000703400000, 0x0000000703400000|100%| O|  |TAMS 0x0000000703300000, 0x0000000703300000| Untracked 
|  12|0x0000000703400000, 0x0000000703500000, 0x0000000703500000|100%| O|  |TAMS 0x0000000703400000, 0x0000000703400000| Untracked 
|  13|0x0000000703500000, 0x0000000703600000, 0x0000000703600000|100%| O|  |TAMS 0x0000000703500000, 0x0000000703500000| Untracked 
|  14|0x0000000703600000, 0x0000000703700000, 0x0000000703700000|100%| O|  |TAMS 0x0000000703600000, 0x0000000703600000| Untracked 
|  15|0x0000000703700000, 0x0000000703800000, 0x0000000703800000|100%| O|  |TAMS 0x0000000703700000, 0x0000000703700000| Untracked 
|  16|0x0000000703800000, 0x000000070382ee00, 0x0000000703900000| 18%| O|  |TAMS 0x0000000703800000, 0x0000000703800000| Untracked 
|  17|0x0000000703900000, 0x0000000703900000, 0x0000000703a00000|  0%| F|  |TAMS 0x0000000703900000, 0x0000000703900000| Untracked 
|  18|0x0000000703a00000, 0x0000000703a00000, 0x0000000703b00000|  0%| F|  |TAMS 0x0000000703a00000, 0x0000000703a00000| Untracked 
|  19|0x0000000703b00000, 0x0000000703b00000, 0x0000000703c00000|  0%| F|  |TAMS 0x0000000703b00000, 0x0000000703b00000| Untracked 
|  20|0x0000000703c00000, 0x0000000703c00000, 0x0000000703d00000|  0%| F|  |TAMS 0x0000000703c00000, 0x0000000703c00000| Untracked 
|  21|0x0000000703d00000, 0x0000000703d00000, 0x0000000703e00000|  0%| F|  |TAMS 0x0000000703d00000, 0x0000000703d00000| Untracked 
|  22|0x0000000703e00000, 0x0000000703e00000, 0x0000000703f00000|  0%| F|  |TAMS 0x0000000703e00000, 0x0000000703e00000| Untracked 
|  23|0x0000000703f00000, 0x0000000703f00000, 0x0000000704000000|  0%| F|  |TAMS 0x0000000703f00000, 0x0000000703f00000| Untracked 
|  24|0x0000000704000000, 0x0000000704000000, 0x0000000704100000|  0%| F|  |TAMS 0x0000000704000000, 0x0000000704000000| Untracked 
|  25|0x0000000704100000, 0x0000000704100000, 0x0000000704200000|  0%| F|  |TAMS 0x0000000704100000, 0x0000000704100000| Untracked 
|  26|0x0000000704200000, 0x0000000704200000, 0x0000000704300000|  0%| F|  |TAMS 0x0000000704200000, 0x0000000704200000| Untracked 
|  27|0x0000000704300000, 0x0000000704300000, 0x0000000704400000|  0%| F|  |TAMS 0x0000000704300000, 0x0000000704300000| Untracked 
|  28|0x0000000704400000, 0x0000000704400000, 0x0000000704500000|  0%| F|  |TAMS 0x0000000704400000, 0x0000000704400000| Untracked 
|  29|0x0000000704500000, 0x0000000704500000, 0x0000000704600000|  0%| F|  |TAMS 0x0000000704500000, 0x0000000704500000| Untracked 
|  30|0x0000000704600000, 0x0000000704600000, 0x0000000704700000|  0%| F|  |TAMS 0x0000000704600000, 0x0000000704600000| Untracked 
|  31|0x0000000704700000, 0x0000000704700000, 0x0000000704800000|  0%| F|  |TAMS 0x0000000704700000, 0x0000000704700000| Untracked 
|  32|0x0000000704800000, 0x0000000704800000, 0x0000000704900000|  0%| F|  |TAMS 0x0000000704800000, 0x0000000704800000| Untracked 
|  33|0x0000000704900000, 0x0000000704900000, 0x0000000704a00000|  0%| F|  |TAMS 0x0000000704900000, 0x0000000704900000| Untracked 
|  34|0x0000000704a00000, 0x0000000704a00000, 0x0000000704b00000|  0%| F|  |TAMS 0x0000000704a00000, 0x0000000704a00000| Untracked 
|  35|0x0000000704b00000, 0x0000000704b00000, 0x0000000704c00000|  0%| F|  |TAMS 0x0000000704b00000, 0x0000000704b00000| Untracked 
|  36|0x0000000704c00000, 0x0000000704c00000, 0x0000000704d00000|  0%| F|  |TAMS 0x0000000704c00000, 0x0000000704c00000| Untracked 
|  37|0x0000000704d00000, 0x0000000704d00000, 0x0000000704e00000|  0%| F|  |TAMS 0x0000000704d00000, 0x0000000704d00000| Untracked 
|  38|0x0000000704e00000, 0x0000000704e00000, 0x0000000704f00000|  0%| F|  |TAMS 0x0000000704e00000, 0x0000000704e00000| Untracked 
|  39|0x0000000704f00000, 0x0000000704f00000, 0x0000000705000000|  0%| F|  |TAMS 0x0000000704f00000, 0x0000000704f00000| Untracked 
|  40|0x0000000705000000, 0x0000000705000000, 0x0000000705100000|  0%| F|  |TAMS 0x0000000705000000, 0x0000000705000000| Untracked 
|  41|0x0000000705100000, 0x0000000705100000, 0x0000000705200000|  0%| F|  |TAMS 0x0000000705100000, 0x0000000705100000| Untracked 
|  42|0x0000000705200000, 0x0000000705200000, 0x0000000705300000|  0%| F|  |TAMS 0x0000000705200000, 0x0000000705200000| Untracked 
|  43|0x0000000705300000, 0x0000000705300000, 0x0000000705400000|  0%| F|  |TAMS 0x0000000705300000, 0x0000000705300000| Untracked 
|  44|0x0000000705400000, 0x0000000705400000, 0x0000000705500000|  0%| F|  |TAMS 0x0000000705400000, 0x0000000705400000| Untracked 
|  45|0x0000000705500000, 0x0000000705500000, 0x0000000705600000|  0%| F|  |TAMS 0x0000000705500000, 0x0000000705500000| Untracked 
|  46|0x0000000705600000, 0x0000000705600000, 0x0000000705700000|  0%| F|  |TAMS 0x0000000705600000, 0x0000000705600000| Untracked 
|  47|0x0000000705700000, 0x0000000705700000, 0x0000000705800000|  0%| F|  |TAMS 0x0000000705700000, 0x0000000705700000| Untracked 
|  48|0x0000000705800000, 0x0000000705800000, 0x0000000705900000|  0%| F|  |TAMS 0x0000000705800000, 0x0000000705800000| Untracked 
|  49|0x0000000705900000, 0x0000000705900000, 0x0000000705a00000|  0%| F|  |TAMS 0x0000000705900000, 0x0000000705900000| Untracked 
|  50|0x0000000705a00000, 0x0000000705a00000, 0x0000000705b00000|  0%| F|  |TAMS 0x0000000705a00000, 0x0000000705a00000| Untracked 
|  51|0x0000000705b00000, 0x0000000705b00000, 0x0000000705c00000|  0%| F|  |TAMS 0x0000000705b00000, 0x0000000705b00000| Untracked 
|  52|0x0000000705c00000, 0x0000000705c00000, 0x0000000705d00000|  0%| F|  |TAMS 0x0000000705c00000, 0x0000000705c00000| Untracked 
|  53|0x0000000705d00000, 0x0000000705d00000, 0x0000000705e00000|  0%| F|  |TAMS 0x0000000705d00000, 0x0000000705d00000| Untracked 
|  54|0x0000000705e00000, 0x0000000705e00000, 0x0000000705f00000|  0%| F|  |TAMS 0x0000000705e00000, 0x0000000705e00000| Untracked 
|  55|0x0000000705f00000, 0x0000000705f00000, 0x0000000706000000|  0%| F|  |TAMS 0x0000000705f00000, 0x0000000705f00000| Untracked 
|  56|0x0000000706000000, 0x0000000706000000, 0x0000000706100000|  0%| F|  |TAMS 0x0000000706000000, 0x0000000706000000| Untracked 
|  57|0x0000000706100000, 0x0000000706100000, 0x0000000706200000|  0%| F|  |TAMS 0x0000000706100000, 0x0000000706100000| Untracked 
|  58|0x0000000706200000, 0x0000000706200000, 0x0000000706300000|  0%| F|  |TAMS 0x0000000706200000, 0x0000000706200000| Untracked 
|  59|0x0000000706300000, 0x0000000706300000, 0x0000000706400000|  0%| F|  |TAMS 0x0000000706300000, 0x0000000706300000| Untracked 
|  60|0x0000000706400000, 0x0000000706400000, 0x0000000706500000|  0%| F|  |TAMS 0x0000000706400000, 0x0000000706400000| Untracked 
|  61|0x0000000706500000, 0x0000000706500000, 0x0000000706600000|  0%| F|  |TAMS 0x0000000706500000, 0x0000000706500000| Untracked 
|  62|0x0000000706600000, 0x0000000706600000, 0x0000000706700000|  0%| F|  |TAMS 0x0000000706600000, 0x0000000706600000| Untracked 
|  63|0x0000000706700000, 0x0000000706700000, 0x0000000706800000|  0%| F|  |TAMS 0x0000000706700000, 0x0000000706700000| Untracked 
|  64|0x0000000706800000, 0x0000000706800000, 0x0000000706900000|  0%| F|  |TAMS 0x0000000706800000, 0x0000000706800000| Untracked 
|  65|0x0000000706900000, 0x0000000706900000, 0x0000000706a00000|  0%| F|  |TAMS 0x0000000706900000, 0x0000000706900000| Untracked 
|  66|0x0000000706a00000, 0x0000000706a00000, 0x0000000706b00000|  0%| F|  |TAMS 0x0000000706a00000, 0x0000000706a00000| Untracked 
|  67|0x0000000706b00000, 0x0000000706b00000, 0x0000000706c00000|  0%| F|  |TAMS 0x0000000706b00000, 0x0000000706b00000| Untracked 
|  68|0x0000000706c00000, 0x0000000706c00000, 0x0000000706d00000|  0%| F|  |TAMS 0x0000000706c00000, 0x0000000706c00000| Untracked 
|  69|0x0000000706d00000, 0x0000000706d00000, 0x0000000706e00000|  0%| F|  |TAMS 0x0000000706d00000, 0x0000000706d00000| Untracked 
|  70|0x0000000706e00000, 0x0000000706e00000, 0x0000000706f00000|  0%| F|  |TAMS 0x0000000706e00000, 0x0000000706e00000| Untracked 
|  71|0x0000000706f00000, 0x0000000706f00000, 0x0000000707000000|  0%| F|  |TAMS 0x0000000706f00000, 0x0000000706f00000| Untracked 
|  72|0x0000000707000000, 0x0000000707000000, 0x0000000707100000|  0%| F|  |TAMS 0x0000000707000000, 0x0000000707000000| Untracked 
|  73|0x0000000707100000, 0x0000000707100000, 0x0000000707200000|  0%| F|  |TAMS 0x0000000707100000, 0x0000000707100000| Untracked 
|  74|0x0000000707200000, 0x0000000707200000, 0x0000000707300000|  0%| F|  |TAMS 0x0000000707200000, 0x0000000707200000| Untracked 
|  75|0x0000000707300000, 0x0000000707300000, 0x0000000707400000|  0%| F|  |TAMS 0x0000000707300000, 0x0000000707300000| Untracked 
|  76|0x0000000707400000, 0x0000000707400000, 0x0000000707500000|  0%| F|  |TAMS 0x0000000707400000, 0x0000000707400000| Untracked 
|  77|0x0000000707500000, 0x0000000707500000, 0x0000000707600000|  0%| F|  |TAMS 0x0000000707500000, 0x0000000707500000| Untracked 
|  78|0x0000000707600000, 0x0000000707600000, 0x0000000707700000|  0%| F|  |TAMS 0x0000000707600000, 0x0000000707600000| Untracked 
|  79|0x0000000707700000, 0x0000000707700000, 0x0000000707800000|  0%| F|  |TAMS 0x0000000707700000, 0x0000000707700000| Untracked 
|  80|0x0000000707800000, 0x0000000707800000, 0x0000000707900000|  0%| F|  |TAMS 0x0000000707800000, 0x0000000707800000| Untracked 
|  81|0x0000000707900000, 0x0000000707900000, 0x0000000707a00000|  0%| F|  |TAMS 0x0000000707900000, 0x0000000707900000| Untracked 
|  82|0x0000000707a00000, 0x0000000707a00000, 0x0000000707b00000|  0%| F|  |TAMS 0x0000000707a00000, 0x0000000707a00000| Untracked 
|  83|0x0000000707b00000, 0x0000000707b00000, 0x0000000707c00000|  0%| F|  |TAMS 0x0000000707b00000, 0x0000000707b00000| Untracked 
|  84|0x0000000707c00000, 0x0000000707c00000, 0x0000000707d00000|  0%| F|  |TAMS 0x0000000707c00000, 0x0000000707c00000| Untracked 
|  85|0x0000000707d00000, 0x0000000707d00000, 0x0000000707e00000|  0%| F|  |TAMS 0x0000000707d00000, 0x0000000707d00000| Untracked 
|  86|0x0000000707e00000, 0x0000000707e00000, 0x0000000707f00000|  0%| F|  |TAMS 0x0000000707e00000, 0x0000000707e00000| Untracked 
|  87|0x0000000707f00000, 0x0000000707f00000, 0x0000000708000000|  0%| F|  |TAMS 0x0000000707f00000, 0x0000000707f00000| Untracked 
|  88|0x0000000708000000, 0x0000000708053c50, 0x0000000708100000| 32%| S|CS|TAMS 0x0000000708000000, 0x0000000708000000| Complete 
|  89|0x0000000708100000, 0x0000000708200000, 0x0000000708200000|100%| S|CS|TAMS 0x0000000708100000, 0x0000000708100000| Complete 
|  90|0x0000000708200000, 0x0000000708300000, 0x0000000708300000|100%| S|CS|TAMS 0x0000000708200000, 0x0000000708200000| Complete 
|  91|0x0000000708300000, 0x0000000708400000, 0x0000000708400000|100%| S|CS|TAMS 0x0000000708300000, 0x0000000708300000| Complete 
|  92|0x0000000708400000, 0x0000000708500000, 0x0000000708500000|100%| S|CS|TAMS 0x0000000708400000, 0x0000000708400000| Complete 
|  93|0x0000000708500000, 0x0000000708600000, 0x0000000708600000|100%| S|CS|TAMS 0x0000000708500000, 0x0000000708500000| Complete 
|  94|0x0000000708600000, 0x0000000708700000, 0x0000000708700000|100%| S|CS|TAMS 0x0000000708600000, 0x0000000708600000| Complete 
|  95|0x0000000708700000, 0x0000000708800000, 0x0000000708800000|100%| S|CS|TAMS 0x0000000708700000, 0x0000000708700000| Complete 
|  96|0x0000000708800000, 0x0000000708900000, 0x0000000708900000|100%| S|CS|TAMS 0x0000000708800000, 0x0000000708800000| Complete 
|  97|0x0000000708900000, 0x0000000708a00000, 0x0000000708a00000|100%| S|CS|TAMS 0x0000000708900000, 0x0000000708900000| Complete 
|  98|0x0000000708a00000, 0x0000000708b00000, 0x0000000708b00000|100%| S|CS|TAMS 0x0000000708a00000, 0x0000000708a00000| Complete 
|  99|0x0000000708b00000, 0x0000000708c00000, 0x0000000708c00000|100%| S|CS|TAMS 0x0000000708b00000, 0x0000000708b00000| Complete 
| 100|0x0000000708c00000, 0x0000000708d00000, 0x0000000708d00000|100%| S|CS|TAMS 0x0000000708c00000, 0x0000000708c00000| Complete 
| 101|0x0000000708d00000, 0x0000000708e00000, 0x0000000708e00000|100%| S|CS|TAMS 0x0000000708d00000, 0x0000000708d00000| Complete 
| 102|0x0000000708e00000, 0x0000000708e00000, 0x0000000708f00000|  0%| F|  |TAMS 0x0000000708e00000, 0x0000000708e00000| Untracked 
| 103|0x0000000708f00000, 0x0000000708f00000, 0x0000000709000000|  0%| F|  |TAMS 0x0000000708f00000, 0x0000000708f00000| Untracked 
| 104|0x0000000709000000, 0x0000000709000000, 0x0000000709100000|  0%| F|  |TAMS 0x0000000709000000, 0x0000000709000000| Untracked 
| 105|0x0000000709100000, 0x0000000709100000, 0x0000000709200000|  0%| F|  |TAMS 0x0000000709100000, 0x0000000709100000| Untracked 
| 106|0x0000000709200000, 0x0000000709200000, 0x0000000709300000|  0%| F|  |TAMS 0x0000000709200000, 0x0000000709200000| Untracked 
| 107|0x0000000709300000, 0x0000000709300000, 0x0000000709400000|  0%| F|  |TAMS 0x0000000709300000, 0x0000000709300000| Untracked 
| 108|0x0000000709400000, 0x0000000709400000, 0x0000000709500000|  0%| F|  |TAMS 0x0000000709400000, 0x0000000709400000| Untracked 
| 109|0x0000000709500000, 0x0000000709500000, 0x0000000709600000|  0%| F|  |TAMS 0x0000000709500000, 0x0000000709500000| Untracked 
| 110|0x0000000709600000, 0x0000000709600000, 0x0000000709700000|  0%| F|  |TAMS 0x0000000709600000, 0x0000000709600000| Untracked 
| 111|0x0000000709700000, 0x0000000709700000, 0x0000000709800000|  0%| F|  |TAMS 0x0000000709700000, 0x0000000709700000| Untracked 
| 112|0x0000000709800000, 0x0000000709800000, 0x0000000709900000|  0%| F|  |TAMS 0x0000000709800000, 0x0000000709800000| Untracked 
| 113|0x0000000709900000, 0x0000000709900000, 0x0000000709a00000|  0%| F|  |TAMS 0x0000000709900000, 0x0000000709900000| Untracked 
| 114|0x0000000709a00000, 0x0000000709a00000, 0x0000000709b00000|  0%| F|  |TAMS 0x0000000709a00000, 0x0000000709a00000| Untracked 
| 115|0x0000000709b00000, 0x0000000709b00000, 0x0000000709c00000|  0%| F|  |TAMS 0x0000000709b00000, 0x0000000709b00000| Untracked 
| 116|0x0000000709c00000, 0x0000000709c00000, 0x0000000709d00000|  0%| F|  |TAMS 0x0000000709c00000, 0x0000000709c00000| Untracked 
| 117|0x0000000709d00000, 0x0000000709d00000, 0x0000000709e00000|  0%| F|  |TAMS 0x0000000709d00000, 0x0000000709d00000| Untracked 
| 118|0x0000000709e00000, 0x0000000709e00000, 0x0000000709f00000|  0%| F|  |TAMS 0x0000000709e00000, 0x0000000709e00000| Untracked 
| 119|0x0000000709f00000, 0x0000000709f00000, 0x000000070a000000|  0%| F|  |TAMS 0x0000000709f00000, 0x0000000709f00000| Untracked 
| 120|0x000000070a000000, 0x000000070a000000, 0x000000070a100000|  0%| F|  |TAMS 0x000000070a000000, 0x000000070a000000| Untracked 
| 121|0x000000070a100000, 0x000000070a100000, 0x000000070a200000|  0%| F|  |TAMS 0x000000070a100000, 0x000000070a100000| Untracked 
| 122|0x000000070a200000, 0x000000070a200000, 0x000000070a300000|  0%| F|  |TAMS 0x000000070a200000, 0x000000070a200000| Untracked 
| 123|0x000000070a300000, 0x000000070a300000, 0x000000070a400000|  0%| F|  |TAMS 0x000000070a300000, 0x000000070a300000| Untracked 
| 124|0x000000070a400000, 0x000000070a400000, 0x000000070a500000|  0%| F|  |TAMS 0x000000070a400000, 0x000000070a400000| Untracked 
| 125|0x000000070a500000, 0x000000070a500000, 0x000000070a600000|  0%| F|  |TAMS 0x000000070a500000, 0x000000070a500000| Untracked 
| 126|0x000000070a600000, 0x000000070a600000, 0x000000070a700000|  0%| F|  |TAMS 0x000000070a600000, 0x000000070a600000| Untracked 
| 127|0x000000070a700000, 0x000000070a700000, 0x000000070a800000|  0%| F|  |TAMS 0x000000070a700000, 0x000000070a700000| Untracked 
| 128|0x000000070a800000, 0x000000070a800000, 0x000000070a900000|  0%| F|  |TAMS 0x000000070a800000, 0x000000070a800000| Untracked 
| 129|0x000000070a900000, 0x000000070a900000, 0x000000070aa00000|  0%| F|  |TAMS 0x000000070a900000, 0x000000070a900000| Untracked 
| 130|0x000000070aa00000, 0x000000070aa00000, 0x000000070ab00000|  0%| F|  |TAMS 0x000000070aa00000, 0x000000070aa00000| Untracked 
| 131|0x000000070ab00000, 0x000000070ab00000, 0x000000070ac00000|  0%| F|  |TAMS 0x000000070ab00000, 0x000000070ab00000| Untracked 
| 132|0x000000070ac00000, 0x000000070ac00000, 0x000000070ad00000|  0%| F|  |TAMS 0x000000070ac00000, 0x000000070ac00000| Untracked 
| 133|0x000000070ad00000, 0x000000070ad00000, 0x000000070ae00000|  0%| F|  |TAMS 0x000000070ad00000, 0x000000070ad00000| Untracked 
| 134|0x000000070ae00000, 0x000000070ae00000, 0x000000070af00000|  0%| F|  |TAMS 0x000000070ae00000, 0x000000070ae00000| Untracked 
| 135|0x000000070af00000, 0x000000070af00000, 0x000000070b000000|  0%| F|  |TAMS 0x000000070af00000, 0x000000070af00000| Untracked 
| 136|0x000000070b000000, 0x000000070b000000, 0x000000070b100000|  0%| F|  |TAMS 0x000000070b000000, 0x000000070b000000| Untracked 
| 137|0x000000070b100000, 0x000000070b100000, 0x000000070b200000|  0%| F|  |TAMS 0x000000070b100000, 0x000000070b100000| Untracked 
| 138|0x000000070b200000, 0x000000070b200000, 0x000000070b300000|  0%| F|  |TAMS 0x000000070b200000, 0x000000070b200000| Untracked 
| 139|0x000000070b300000, 0x000000070b300000, 0x000000070b400000|  0%| F|  |TAMS 0x000000070b300000, 0x000000070b300000| Untracked 
| 140|0x000000070b400000, 0x000000070b400000, 0x000000070b500000|  0%| F|  |TAMS 0x000000070b400000, 0x000000070b400000| Untracked 
| 141|0x000000070b500000, 0x000000070b500000, 0x000000070b600000|  0%| F|  |TAMS 0x000000070b500000, 0x000000070b500000| Untracked 
| 142|0x000000070b600000, 0x000000070b600000, 0x000000070b700000|  0%| F|  |TAMS 0x000000070b600000, 0x000000070b600000| Untracked 
| 143|0x000000070b700000, 0x000000070b700000, 0x000000070b800000|  0%| F|  |TAMS 0x000000070b700000, 0x000000070b700000| Untracked 
| 144|0x000000070b800000, 0x000000070b800000, 0x000000070b900000|  0%| F|  |TAMS 0x000000070b800000, 0x000000070b800000| Untracked 
| 145|0x000000070b900000, 0x000000070b900000, 0x000000070ba00000|  0%| F|  |TAMS 0x000000070b900000, 0x000000070b900000| Untracked 
| 146|0x000000070ba00000, 0x000000070ba00000, 0x000000070bb00000|  0%| F|  |TAMS 0x000000070ba00000, 0x000000070ba00000| Untracked 
| 147|0x000000070bb00000, 0x000000070bb00000, 0x000000070bc00000|  0%| F|  |TAMS 0x000000070bb00000, 0x000000070bb00000| Untracked 
| 148|0x000000070bc00000, 0x000000070bc00000, 0x000000070bd00000|  0%| F|  |TAMS 0x000000070bc00000, 0x000000070bc00000| Untracked 
| 149|0x000000070bd00000, 0x000000070bd00000, 0x000000070be00000|  0%| F|  |TAMS 0x000000070bd00000, 0x000000070bd00000| Untracked 
| 150|0x000000070be00000, 0x000000070be00000, 0x000000070bf00000|  0%| F|  |TAMS 0x000000070be00000, 0x000000070be00000| Untracked 
| 151|0x000000070bf00000, 0x000000070bf00000, 0x000000070c000000|  0%| F|  |TAMS 0x000000070bf00000, 0x000000070bf00000| Untracked 
| 152|0x000000070c000000, 0x000000070c000000, 0x000000070c100000|  0%| F|  |TAMS 0x000000070c000000, 0x000000070c000000| Untracked 
| 153|0x000000070c100000, 0x000000070c100000, 0x000000070c200000|  0%| F|  |TAMS 0x000000070c100000, 0x000000070c100000| Untracked 
| 154|0x000000070c200000, 0x000000070c200000, 0x000000070c300000|  0%| F|  |TAMS 0x000000070c200000, 0x000000070c200000| Untracked 
| 155|0x000000070c300000, 0x000000070c300000, 0x000000070c400000|  0%| F|  |TAMS 0x000000070c300000, 0x000000070c300000| Untracked 
| 156|0x000000070c400000, 0x000000070c400000, 0x000000070c500000|  0%| F|  |TAMS 0x000000070c400000, 0x000000070c400000| Untracked 
| 157|0x000000070c500000, 0x000000070c500000, 0x000000070c600000|  0%| F|  |TAMS 0x000000070c500000, 0x000000070c500000| Untracked 
| 158|0x000000070c600000, 0x000000070c600000, 0x000000070c700000|  0%| F|  |TAMS 0x000000070c600000, 0x000000070c600000| Untracked 
| 159|0x000000070c700000, 0x000000070c700000, 0x000000070c800000|  0%| F|  |TAMS 0x000000070c700000, 0x000000070c700000| Untracked 
| 160|0x000000070c800000, 0x000000070c800000, 0x000000070c900000|  0%| F|  |TAMS 0x000000070c800000, 0x000000070c800000| Untracked 
| 161|0x000000070c900000, 0x000000070c900000, 0x000000070ca00000|  0%| F|  |TAMS 0x000000070c900000, 0x000000070c900000| Untracked 
| 162|0x000000070ca00000, 0x000000070ca00000, 0x000000070cb00000|  0%| F|  |TAMS 0x000000070ca00000, 0x000000070ca00000| Untracked 
| 163|0x000000070cb00000, 0x000000070cb00000, 0x000000070cc00000|  0%| F|  |TAMS 0x000000070cb00000, 0x000000070cb00000| Untracked 
| 164|0x000000070cc00000, 0x000000070cc00000, 0x000000070cd00000|  0%| F|  |TAMS 0x000000070cc00000, 0x000000070cc00000| Untracked 
| 165|0x000000070cd00000, 0x000000070cd00000, 0x000000070ce00000|  0%| F|  |TAMS 0x000000070cd00000, 0x000000070cd00000| Untracked 
| 166|0x000000070ce00000, 0x000000070ce00000, 0x000000070cf00000|  0%| F|  |TAMS 0x000000070ce00000, 0x000000070ce00000| Untracked 
| 167|0x000000070cf00000, 0x000000070cf00000, 0x000000070d000000|  0%| F|  |TAMS 0x000000070cf00000, 0x000000070cf00000| Untracked 
| 168|0x000000070d000000, 0x000000070d000000, 0x000000070d100000|  0%| F|  |TAMS 0x000000070d000000, 0x000000070d000000| Untracked 
| 169|0x000000070d100000, 0x000000070d100000, 0x000000070d200000|  0%| F|  |TAMS 0x000000070d100000, 0x000000070d100000| Untracked 
| 170|0x000000070d200000, 0x000000070d200000, 0x000000070d300000|  0%| F|  |TAMS 0x000000070d200000, 0x000000070d200000| Untracked 
| 171|0x000000070d300000, 0x000000070d300000, 0x000000070d400000|  0%| F|  |TAMS 0x000000070d300000, 0x000000070d300000| Untracked 
| 172|0x000000070d400000, 0x000000070d400000, 0x000000070d500000|  0%| F|  |TAMS 0x000000070d400000, 0x000000070d400000| Untracked 
| 173|0x000000070d500000, 0x000000070d500000, 0x000000070d600000|  0%| F|  |TAMS 0x000000070d500000, 0x000000070d500000| Untracked 
| 174|0x000000070d600000, 0x000000070d600000, 0x000000070d700000|  0%| F|  |TAMS 0x000000070d600000, 0x000000070d600000| Untracked 
| 175|0x000000070d700000, 0x000000070d700000, 0x000000070d800000|  0%| F|  |TAMS 0x000000070d700000, 0x000000070d700000| Untracked 
| 176|0x000000070d800000, 0x000000070d800000, 0x000000070d900000|  0%| F|  |TAMS 0x000000070d800000, 0x000000070d800000| Untracked 
| 177|0x000000070d900000, 0x000000070d900000, 0x000000070da00000|  0%| F|  |TAMS 0x000000070d900000, 0x000000070d900000| Untracked 
| 178|0x000000070da00000, 0x000000070da00000, 0x000000070db00000|  0%| F|  |TAMS 0x000000070da00000, 0x000000070da00000| Untracked 
| 179|0x000000070db00000, 0x000000070db00000, 0x000000070dc00000|  0%| F|  |TAMS 0x000000070db00000, 0x000000070db00000| Untracked 
| 180|0x000000070dc00000, 0x000000070dc00000, 0x000000070dd00000|  0%| F|  |TAMS 0x000000070dc00000, 0x000000070dc00000| Untracked 
| 181|0x000000070dd00000, 0x000000070dd00000, 0x000000070de00000|  0%| F|  |TAMS 0x000000070dd00000, 0x000000070dd00000| Untracked 
| 182|0x000000070de00000, 0x000000070de00000, 0x000000070df00000|  0%| F|  |TAMS 0x000000070de00000, 0x000000070de00000| Untracked 
| 183|0x000000070df00000, 0x000000070df00000, 0x000000070e000000|  0%| F|  |TAMS 0x000000070df00000, 0x000000070df00000| Untracked 
| 184|0x000000070e000000, 0x000000070e000000, 0x000000070e100000|  0%| F|  |TAMS 0x000000070e000000, 0x000000070e000000| Untracked 
| 185|0x000000070e100000, 0x000000070e100000, 0x000000070e200000|  0%| F|  |TAMS 0x000000070e100000, 0x000000070e100000| Untracked 
| 186|0x000000070e200000, 0x000000070e200000, 0x000000070e300000|  0%| F|  |TAMS 0x000000070e200000, 0x000000070e200000| Untracked 
| 187|0x000000070e300000, 0x000000070e300000, 0x000000070e400000|  0%| F|  |TAMS 0x000000070e300000, 0x000000070e300000| Untracked 
| 188|0x000000070e400000, 0x000000070e400000, 0x000000070e500000|  0%| F|  |TAMS 0x000000070e400000, 0x000000070e400000| Untracked 
| 189|0x000000070e500000, 0x000000070e500000, 0x000000070e600000|  0%| F|  |TAMS 0x000000070e500000, 0x000000070e500000| Untracked 
| 190|0x000000070e600000, 0x000000070e600000, 0x000000070e700000|  0%| F|  |TAMS 0x000000070e600000, 0x000000070e600000| Untracked 
| 191|0x000000070e700000, 0x000000070e700000, 0x000000070e800000|  0%| F|  |TAMS 0x000000070e700000, 0x000000070e700000| Untracked 
| 192|0x000000070e800000, 0x000000070e800000, 0x000000070e900000|  0%| F|  |TAMS 0x000000070e800000, 0x000000070e800000| Untracked 
| 193|0x000000070e900000, 0x000000070e900000, 0x000000070ea00000|  0%| F|  |TAMS 0x000000070e900000, 0x000000070e900000| Untracked 
| 194|0x000000070ea00000, 0x000000070ea00000, 0x000000070eb00000|  0%| F|  |TAMS 0x000000070ea00000, 0x000000070ea00000| Untracked 
| 195|0x000000070eb00000, 0x000000070eb00000, 0x000000070ec00000|  0%| F|  |TAMS 0x000000070eb00000, 0x000000070eb00000| Untracked 
| 196|0x000000070ec00000, 0x000000070ec00000, 0x000000070ed00000|  0%| F|  |TAMS 0x000000070ec00000, 0x000000070ec00000| Untracked 
| 197|0x000000070ed00000, 0x000000070ed00000, 0x000000070ee00000|  0%| F|  |TAMS 0x000000070ed00000, 0x000000070ed00000| Untracked 
| 198|0x000000070ee00000, 0x000000070ee00000, 0x000000070ef00000|  0%| F|  |TAMS 0x000000070ee00000, 0x000000070ee00000| Untracked 
| 199|0x000000070ef00000, 0x000000070ef00000, 0x000000070f000000|  0%| F|  |TAMS 0x000000070ef00000, 0x000000070ef00000| Untracked 
| 200|0x000000070f000000, 0x000000070f000000, 0x000000070f100000|  0%| F|  |TAMS 0x000000070f000000, 0x000000070f000000| Untracked 
| 201|0x000000070f100000, 0x000000070f100000, 0x000000070f200000|  0%| F|  |TAMS 0x000000070f100000, 0x000000070f100000| Untracked 
| 202|0x000000070f200000, 0x000000070f200000, 0x000000070f300000|  0%| F|  |TAMS 0x000000070f200000, 0x000000070f200000| Untracked 
| 203|0x000000070f300000, 0x000000070f300000, 0x000000070f400000|  0%| F|  |TAMS 0x000000070f300000, 0x000000070f300000| Untracked 
| 204|0x000000070f400000, 0x000000070f400000, 0x000000070f500000|  0%| F|  |TAMS 0x000000070f400000, 0x000000070f400000| Untracked 
| 205|0x000000070f500000, 0x000000070f500000, 0x000000070f600000|  0%| F|  |TAMS 0x000000070f500000, 0x000000070f500000| Untracked 
| 206|0x000000070f600000, 0x000000070f600000, 0x000000070f700000|  0%| F|  |TAMS 0x000000070f600000, 0x000000070f600000| Untracked 
| 207|0x000000070f700000, 0x000000070f700000, 0x000000070f800000|  0%| F|  |TAMS 0x000000070f700000, 0x000000070f700000| Untracked 
| 208|0x000000070f800000, 0x000000070f800000, 0x000000070f900000|  0%| F|  |TAMS 0x000000070f800000, 0x000000070f800000| Untracked 
| 209|0x000000070f900000, 0x000000070f900000, 0x000000070fa00000|  0%| F|  |TAMS 0x000000070f900000, 0x000000070f900000| Untracked 
| 210|0x000000070fa00000, 0x000000070fa00000, 0x000000070fb00000|  0%| F|  |TAMS 0x000000070fa00000, 0x000000070fa00000| Untracked 
| 211|0x000000070fb00000, 0x000000070fb00000, 0x000000070fc00000|  0%| F|  |TAMS 0x000000070fb00000, 0x000000070fb00000| Untracked 
| 212|0x000000070fc00000, 0x000000070fc00000, 0x000000070fd00000|  0%| F|  |TAMS 0x000000070fc00000, 0x000000070fc00000| Untracked 
| 213|0x000000070fd00000, 0x000000070fd00000, 0x000000070fe00000|  0%| F|  |TAMS 0x000000070fd00000, 0x000000070fd00000| Untracked 
| 214|0x000000070fe00000, 0x000000070fe00000, 0x000000070ff00000|  0%| F|  |TAMS 0x000000070fe00000, 0x000000070fe00000| Untracked 
| 215|0x000000070ff00000, 0x000000070ff00000, 0x0000000710000000|  0%| F|  |TAMS 0x000000070ff00000, 0x000000070ff00000| Untracked 
| 216|0x0000000710000000, 0x0000000710000000, 0x0000000710100000|  0%| F|  |TAMS 0x0000000710000000, 0x0000000710000000| Untracked 
| 217|0x0000000710100000, 0x0000000710100000, 0x0000000710200000|  0%| F|  |TAMS 0x0000000710100000, 0x0000000710100000| Untracked 
| 218|0x0000000710200000, 0x0000000710200000, 0x0000000710300000|  0%| F|  |TAMS 0x0000000710200000, 0x0000000710200000| Untracked 
| 219|0x0000000710300000, 0x0000000710300000, 0x0000000710400000|  0%| F|  |TAMS 0x0000000710300000, 0x0000000710300000| Untracked 
| 220|0x0000000710400000, 0x0000000710400000, 0x0000000710500000|  0%| F|  |TAMS 0x0000000710400000, 0x0000000710400000| Untracked 
| 221|0x0000000710500000, 0x0000000710500000, 0x0000000710600000|  0%| F|  |TAMS 0x0000000710500000, 0x0000000710500000| Untracked 
| 222|0x0000000710600000, 0x0000000710600000, 0x0000000710700000|  0%| F|  |TAMS 0x0000000710600000, 0x0000000710600000| Untracked 
| 223|0x0000000710700000, 0x0000000710700000, 0x0000000710800000|  0%| F|  |TAMS 0x0000000710700000, 0x0000000710700000| Untracked 
| 224|0x0000000710800000, 0x0000000710800000, 0x0000000710900000|  0%| F|  |TAMS 0x0000000710800000, 0x0000000710800000| Untracked 
| 225|0x0000000710900000, 0x0000000710900000, 0x0000000710a00000|  0%| F|  |TAMS 0x0000000710900000, 0x0000000710900000| Untracked 
| 226|0x0000000710a00000, 0x0000000710a00000, 0x0000000710b00000|  0%| F|  |TAMS 0x0000000710a00000, 0x0000000710a00000| Untracked 
| 227|0x0000000710b00000, 0x0000000710b00000, 0x0000000710c00000|  0%| F|  |TAMS 0x0000000710b00000, 0x0000000710b00000| Untracked 
| 228|0x0000000710c00000, 0x0000000710c00000, 0x0000000710d00000|  0%| F|  |TAMS 0x0000000710c00000, 0x0000000710c00000| Untracked 
| 229|0x0000000710d00000, 0x0000000710d00000, 0x0000000710e00000|  0%| F|  |TAMS 0x0000000710d00000, 0x0000000710d00000| Untracked 
| 230|0x0000000710e00000, 0x0000000710e00000, 0x0000000710f00000|  0%| F|  |TAMS 0x0000000710e00000, 0x0000000710e00000| Untracked 
| 231|0x0000000710f00000, 0x0000000710f00000, 0x0000000711000000|  0%| F|  |TAMS 0x0000000710f00000, 0x0000000710f00000| Untracked 
| 232|0x0000000711000000, 0x0000000711000000, 0x0000000711100000|  0%| F|  |TAMS 0x0000000711000000, 0x0000000711000000| Untracked 
| 233|0x0000000711100000, 0x0000000711100000, 0x0000000711200000|  0%| F|  |TAMS 0x0000000711100000, 0x0000000711100000| Untracked 
| 234|0x0000000711200000, 0x0000000711200000, 0x0000000711300000|  0%| F|  |TAMS 0x0000000711200000, 0x0000000711200000| Untracked 
| 235|0x0000000711300000, 0x0000000711300000, 0x0000000711400000|  0%| F|  |TAMS 0x0000000711300000, 0x0000000711300000| Untracked 
| 236|0x0000000711400000, 0x0000000711400000, 0x0000000711500000|  0%| F|  |TAMS 0x0000000711400000, 0x0000000711400000| Untracked 
| 237|0x0000000711500000, 0x0000000711500000, 0x0000000711600000|  0%| F|  |TAMS 0x0000000711500000, 0x0000000711500000| Untracked 
| 238|0x0000000711600000, 0x0000000711600000, 0x0000000711700000|  0%| F|  |TAMS 0x0000000711600000, 0x0000000711600000| Untracked 
| 239|0x0000000711700000, 0x0000000711700000, 0x0000000711800000|  0%| F|  |TAMS 0x0000000711700000, 0x0000000711700000| Untracked 
| 240|0x0000000711800000, 0x0000000711800000, 0x0000000711900000|  0%| F|  |TAMS 0x0000000711800000, 0x0000000711800000| Untracked 
| 241|0x0000000711900000, 0x0000000711900000, 0x0000000711a00000|  0%| F|  |TAMS 0x0000000711900000, 0x0000000711900000| Untracked 
| 242|0x0000000711a00000, 0x0000000711a00000, 0x0000000711b00000|  0%| F|  |TAMS 0x0000000711a00000, 0x0000000711a00000| Untracked 
| 243|0x0000000711b00000, 0x0000000711b00000, 0x0000000711c00000|  0%| F|  |TAMS 0x0000000711b00000, 0x0000000711b00000| Untracked 
| 244|0x0000000711c00000, 0x0000000711c00000, 0x0000000711d00000|  0%| F|  |TAMS 0x0000000711c00000, 0x0000000711c00000| Untracked 
| 245|0x0000000711d00000, 0x0000000711d00000, 0x0000000711e00000|  0%| F|  |TAMS 0x0000000711d00000, 0x0000000711d00000| Untracked 
| 246|0x0000000711e00000, 0x0000000711e00000, 0x0000000711f00000|  0%| F|  |TAMS 0x0000000711e00000, 0x0000000711e00000| Untracked 
| 247|0x0000000711f00000, 0x0000000711f00000, 0x0000000712000000|  0%| F|  |TAMS 0x0000000711f00000, 0x0000000711f00000| Untracked 
| 248|0x0000000712000000, 0x0000000712000000, 0x0000000712100000|  0%| F|  |TAMS 0x0000000712000000, 0x0000000712000000| Untracked 
| 249|0x0000000712100000, 0x0000000712100000, 0x0000000712200000|  0%| F|  |TAMS 0x0000000712100000, 0x0000000712100000| Untracked 
| 250|0x0000000712200000, 0x0000000712200000, 0x0000000712300000|  0%| F|  |TAMS 0x0000000712200000, 0x0000000712200000| Untracked 
| 251|0x0000000712300000, 0x0000000712300000, 0x0000000712400000|  0%| F|  |TAMS 0x0000000712300000, 0x0000000712300000| Untracked 
| 252|0x0000000712400000, 0x0000000712400000, 0x0000000712500000|  0%| F|  |TAMS 0x0000000712400000, 0x0000000712400000| Untracked 
| 253|0x0000000712500000, 0x0000000712500000, 0x0000000712600000|  0%| F|  |TAMS 0x0000000712500000, 0x0000000712500000| Untracked 

Card table byte_map: [0x000001e3799e0000,0x000001e37a1d0000] _byte_map_base: 0x000001e3761cc000

Marking Bits (Prev, Next): (CMBitMap*) 0x000001e378e51c50, (CMBitMap*) 0x000001e378e51c18
 Prev Bits: [0x000001e317290000, 0x000001e31b1f0000)
 Next Bits: [0x000001e37a9c0000, 0x000001e37e920000)

Polling page: 0x000001e376d50000

Metaspace:

Usage:
  Non-class:     66.41 MB capacity,    65.36 MB ( 98%) used,   836.12 KB (  1%) free+waste,   230.19 KB ( <1%) overhead. 
      Class:     10.03 MB capacity,     9.34 MB ( 93%) used,   602.55 KB (  6%) free+waste,   103.81 KB (  1%) overhead. 
       Both:     76.44 MB capacity,    74.71 MB ( 98%) used,     1.40 MB (  2%) free+waste,   334.00 KB ( <1%) overhead. 

Virtual space:
  Non-class space:       68.00 MB reserved,      66.46 MB ( 98%) committed 
      Class space:        1.00 GB reserved,      10.12 MB ( <1%) committed 
             Both:        1.07 GB reserved,      76.58 MB (  7%) committed 

Chunk freelists:
   Non-Class:  6.50 KB
       Class:  0 bytes
        Both:  6.50 KB

CodeHeap 'non-profiled nmethods': size=120000Kb used=4029Kb max_used=4029Kb free=115970Kb
 bounds [0x000001e30fd60000, 0x000001e310150000, 0x000001e317290000]
CodeHeap 'profiled nmethods': size=120000Kb used=15501Kb max_used=15501Kb free=104498Kb
 bounds [0x000001e308830000, 0x000001e309760000, 0x000001e30fd60000]
CodeHeap 'non-nmethods': size=5760Kb used=1413Kb max_used=1487Kb free=4346Kb
 bounds [0x000001e308290000, 0x000001e308500000, 0x000001e308830000]
 total_blobs=8696 nmethods=6424 adapters=647
 compilation: enabled
              stopped_count=0, restarted_count=0
 full_count=0

Compilation events (10 events):
Event: 14.992 Thread 0x000001e31d31c800 6618       2       java.util.regex.Pattern$SliceI::match (96 bytes)
Event: 14.993 Thread 0x000001e31d31c800 nmethod 6618 0x000001e309754e90 code [0x000001e309755060, 0x000001e3097553a0]
Event: 15.006 Thread 0x000001e31d31c800 6619       2       java.lang.Character::equals (29 bytes)
Event: 15.006 Thread 0x000001e31d31c800 nmethod 6619 0x000001e309755510 code [0x000001e3097556c0, 0x000001e3097558f8]
Event: 15.006 Thread 0x000001e31d31c800 6620       2       java.lang.Character::valueOf (21 bytes)
Event: 15.006 Thread 0x000001e31d31c800 nmethod 6620 0x000001e309755a10 code [0x000001e309755bc0, 0x000001e309755db8]
Event: 15.007 Thread 0x000001e31d31c800 6621       2       java.util.regex.Matcher::getSubSequence (12 bytes)
Event: 15.008 Thread 0x000001e31d31c800 nmethod 6621 0x000001e309755e90 code [0x000001e309756040, 0x000001e3097561f0]
Event: 15.008 Thread 0x000001e31d31c800 6622       1       java.util.regex.Pattern::lambda$ALL$4 (2 bytes)
Event: 15.008 Thread 0x000001e31d31c800 nmethod 6622 0x000001e31014f190 code [0x000001e31014f340, 0x000001e31014f438]

GC Heap History (10 events):
Event: 5.778 GC heap after
{Heap after GC invocations=4 (full 0):
 garbage-first heap   total 260096K, used 12367K [0x0000000702800000, 0x0000000800000000)
  region size 1024K, 9 young (9216K), 9 survivors (9216K)
 Metaspace       used 31923K, capacity 32682K, committed 32892K, reserved 1079296K
  class space    used 3653K, capacity 3938K, committed 3964K, reserved 1048576K
}
Event: 6.988 GC heap before
{Heap before GC invocations=4 (full 0):
 garbage-first heap   total 260096K, used 157775K [0x0000000702800000, 0x0000000800000000)
  region size 1024K, 152 young (155648K), 9 survivors (9216K)
 Metaspace       used 34961K, capacity 35802K, committed 35964K, reserved 1081344K
  class space    used 4014K, capacity 4348K, committed 4476K, reserved 1048576K
}
Event: 7.002 GC heap after
{Heap after GC invocations=5 (full 0):
 garbage-first heap   total 260096K, used 13495K [0x0000000702800000, 0x0000000800000000)
  region size 1024K, 10 young (10240K), 10 survivors (10240K)
 Metaspace       used 34961K, capacity 35802K, committed 35964K, reserved 1081344K
  class space    used 4014K, capacity 4348K, committed 4476K, reserved 1048576K
}
Event: 7.038 GC heap before
{Heap before GC invocations=5 (full 0):
 garbage-first heap   total 260096K, used 13495K [0x0000000702800000, 0x0000000800000000)
  region size 1024K, 11 young (11264K), 10 survivors (10240K)
 Metaspace       used 34993K, capacity 35809K, committed 35964K, reserved 1081344K
  class space    used 4019K, capacity 4351K, committed 4476K, reserved 1048576K
}
Event: 7.052 GC heap after
{Heap after GC invocations=6 (full 0):
 garbage-first heap   total 260096K, used 13944K [0x0000000702800000, 0x0000000800000000)
  region size 1024K, 10 young (10240K), 10 survivors (10240K)
 Metaspace       used 34993K, capacity 35809K, committed 35964K, reserved 1081344K
  class space    used 4019K, capacity 4351K, committed 4476K, reserved 1048576K
}
Event: 9.847 GC heap before
{Heap before GC invocations=7 (full 0):
 garbage-first heap   total 260096K, used 158328K [0x0000000702800000, 0x0000000800000000)
  region size 1024K, 152 young (155648K), 10 survivors (10240K)
 Metaspace       used 43208K, capacity 44327K, committed 44540K, reserved 1087488K
  class space    used 5059K, capacity 5531K, committed 5628K, reserved 1048576K
}
Event: 9.862 GC heap after
{Heap after GC invocations=8 (full 0):
 garbage-first heap   total 260096K, used 17506K [0x0000000702800000, 0x0000000800000000)
  region size 1024K, 14 young (14336K), 14 survivors (14336K)
 Metaspace       used 43208K, capacity 44327K, committed 44540K, reserved 1087488K
  class space    used 5059K, capacity 5531K, committed 5628K, reserved 1048576K
}
Event: 12.309 GC heap before
{Heap before GC invocations=8 (full 0):
 garbage-first heap   total 260096K, used 127074K [0x0000000702800000, 0x0000000800000000)
  region size 1024K, 122 young (124928K), 14 survivors (14336K)
 Metaspace       used 58928K, capacity 60243K, committed 60368K, reserved 1101824K
  class space    used 7077K, capacity 7617K, committed 7676K, reserved 1048576K
}
Event: 12.342 GC heap after
{Heap after GC invocations=9 (full 0):
 garbage-first heap   total 260096K, used 24740K [0x0000000702800000, 0x0000000800000000)
  region size 1024K, 16 young (16384K), 16 survivors (16384K)
 Metaspace       used 58928K, capacity 60243K, committed 60368K, reserved 1101824K
  class space    used 7077K, capacity 7617K, committed 7676K, reserved 1048576K
}
Event: 15.011 GC heap before
{Heap before GC invocations=10 (full 0):
 garbage-first heap   total 260096K, used 164004K [0x0000000702800000, 0x0000000800000000)
  region size 1024K, 152 young (155648K), 16 survivors (16384K)
 Metaspace       used 76502K, capacity 78275K, committed 78416K, reserved 1118208K
  class space    used 9568K, capacity 10275K, committed 10364K, reserved 1048576K
}

Deoptimization events (10 events):
Event: 14.193 Thread 0x000001e322323800 Uncommon trap: reason=bimorphic_or_optimized_type_check action=maybe_recompile pc=0x000001e310055860 method=java.util.regex.Pattern$SliceI.match(Ljava/util/regex/Matcher;ILjava/lang/CharSequence;)Z @ 92 c2
Event: 14.207 Thread 0x000001e31dbf3000 Uncommon trap: reason=unstable_if action=reinterpret pc=0x000001e3100790c0 method=org.springframework.core.annotation.TypeMappedAnnotations$MergedAnnotationFinder.doWithAnnotations(Ljava/lang/Object;ILjava/lang/Object;[Ljava/lang/annotation/Annotation;)Lo
Event: 14.211 Thread 0x000001e31dbf3000 Uncommon trap: reason=unstable_if action=reinterpret pc=0x000001e30ff140b4 method=org.springframework.beans.factory.support.AbstractAutowireCapableBeanFactory.determineTargetType(Ljava/lang/String;Lorg/springframework/beans/factory/support/RootBeanDefinit
Event: 14.438 Thread 0x000001e322323800 Uncommon trap: reason=unstable_if action=reinterpret pc=0x000001e30ff35c70 method=java.lang.Integer.stringSize(I)I @ 3 c2
Event: 14.733 Thread 0x000001e31dbf3000 Uncommon trap: reason=speculate_null_assert action=make_not_entrant pc=0x000001e30fe7523c method=org.springframework.util.ConcurrentReferenceHashMap$Segment.restructureIfNecessary(Z)V @ 41 c2
Event: 14.734 Thread 0x000001e31dbf3000 Uncommon trap: reason=class_check action=maybe_recompile pc=0x000001e30fef767c method=org.springframework.util.ConcurrentReferenceHashMap$Segment.findInChain(Lorg/springframework/util/ConcurrentReferenceHashMap$Reference;Ljava/lang/Object;I)Lorg/springfra
Event: 14.772 Thread 0x000001e31dbf3000 Uncommon trap: reason=class_check action=maybe_recompile pc=0x000001e30fef767c method=org.springframework.util.ConcurrentReferenceHashMap$Segment.findInChain(Lorg/springframework/util/ConcurrentReferenceHashMap$Reference;Ljava/lang/Object;I)Lorg/springfra
Event: 14.984 Thread 0x000001e31dbf3000 Uncommon trap: reason=unstable_if action=reinterpret pc=0x000001e3100430b4 method=java.util.regex.Pattern$Branch.match(Ljava/util/regex/Matcher;ILjava/lang/CharSequence;)Z @ 35 c2
Event: 14.985 Thread 0x000001e31dbf3000 Uncommon trap: reason=unstable_if action=reinterpret pc=0x000001e3100430b4 method=java.util.regex.Pattern$Branch.match(Ljava/util/regex/Matcher;ILjava/lang/CharSequence;)Z @ 35 c2
Event: 14.992 Thread 0x000001e31dbf3000 Uncommon trap: reason=bimorphic_or_optimized_type_check action=maybe_recompile pc=0x000001e310055860 method=java.util.regex.Pattern$SliceI.match(Ljava/util/regex/Matcher;ILjava/lang/CharSequence;)Z @ 92 c2

Classes redefined (0 events):
No events

Internal exceptions (10 events):
Event: 14.221 Thread 0x000001e31dbf3000 Exception <a 'java/lang/ClassNotFoundException'{0x000000070a975348}: org/springframework/beans/factory/InitializingBeanCustomizer> (0x000000070a975348) thrown at [t:/workspace/open/src/hotspot/share/classfile/systemDictionary.cpp, line 231]
Event: 14.753 Thread 0x000001e31dbf3000 Exception <a 'java/lang/ClassNotFoundException'{0x000000070970aee0}: java/lang/ObjectCustomizer> (0x000000070970aee0) thrown at [t:/workspace/open/src/hotspot/share/classfile/systemDictionary.cpp, line 231]
Event: 14.755 Thread 0x000001e31dbf3000 Exception <a 'java/lang/ClassNotFoundException'{0x000000070971fc48}: io/hieu/guitartech/domain/BaseEntityCustomizer> (0x000000070971fc48) thrown at [t:/workspace/open/src/hotspot/share/classfile/systemDictionary.cpp, line 231]
Event: 14.756 Thread 0x000001e31dbf3000 Exception <a 'java/lang/ClassNotFoundException'{0x0000000709733830}: io/hieu/guitartech/domain/BrandCustomizer> (0x0000000709733830) thrown at [t:/workspace/open/src/hotspot/share/classfile/systemDictionary.cpp, line 231]
Event: 14.792 Thread 0x000001e31dbf3000 Exception <a 'java/lang/NoSuchMethodError'{0x000000070963a088}: java.lang.invoke.DirectMethodHandle$Holder.invokeVirtual(Ljava/lang/Object;Ljava/lang/Object;Ljava/lang/Object;)I> (0x000000070963a088) thrown at [t:/workspace/open/src/hotspot/share/interpre
Event: 14.806 Thread 0x000001e31dbf3000 Exception <a 'java/lang/ClassNotFoundException'{0x000000070968f378}: java/lang/ObjectCustomizer> (0x000000070968f378) thrown at [t:/workspace/open/src/hotspot/share/classfile/systemDictionary.cpp, line 231]
Event: 14.808 Thread 0x000001e31dbf3000 Exception <a 'java/lang/ClassNotFoundException'{0x00000007096a45f0}: io/hieu/guitartech/domain/BaseEntityCustomizer> (0x00000007096a45f0) thrown at [t:/workspace/open/src/hotspot/share/classfile/systemDictionary.cpp, line 231]
Event: 14.810 Thread 0x000001e31dbf3000 Exception <a 'java/lang/ClassNotFoundException'{0x00000007096b8170}: io/hieu/guitartech/domain/GuitarCustomizer> (0x00000007096b8170) thrown at [t:/workspace/open/src/hotspot/share/classfile/systemDictionary.cpp, line 231]
Event: 14.847 Thread 0x000001e31dbf3000 Exception <a 'java/lang/IncompatibleClassChangeError'{0x000000070941bf98}: Found class java.lang.Object, but interface was expected> (0x000000070941bf98) thrown at [t:/workspace/open/src/hotspot/share/interpreter/linkResolver.cpp, line 838]
Event: 14.980 Thread 0x000001e31dbf3000 Exception <a 'java/lang/NoSuchMethodError'{0x0000000708ff6cb0}: java.lang.invoke.DirectMethodHandle$Holder.invokeStatic(Ljava/lang/Object;ILjava/lang/Object;Ljava/lang/Object;)Ljava/lang/Object;> (0x0000000708ff6cb0) thrown at [t:/workspace/open/src/hotsp

Events (10 events):
Event: 15.004 loading class org/springframework/data/jpa/repository/query/QueryParameterSetter$QueryMetadataCache done
Event: 15.005 loading class org/springframework/data/jpa/repository/query/ExpressionBasedStringQuery
Event: 15.005 loading class org/springframework/data/jpa/repository/query/ExpressionBasedStringQuery done
Event: 15.008 loading class org/springframework/data/jpa/repository/query/Procedure
Event: 15.008 loading class org/springframework/data/jpa/repository/query/Procedure done
Event: 15.009 loading class org/hibernate/query/internal/QueryImpl
Event: 15.009 loading class org/hibernate/query/internal/QueryImpl done
Event: 15.010 loading class org/hibernate/query/internal/AbstractProducedQuery
Event: 15.010 loading class org/hibernate/query/internal/AbstractProducedQuery done
Event: 15.010 Executing VM operation: G1CollectForAllocation


Dynamic libraries:
0x00007ff7e3790000 - 0x00007ff7e37d7000 	C:\Java Development Kit\JDK 11\bin\java.exe
0x00007ffb7f110000 - 0x00007ffb7f306000 	C:\WINDOWS\SYSTEM32\ntdll.dll
0x00007ffb7e1a0000 - 0x00007ffb7e25d000 	C:\WINDOWS\System32\KERNEL32.DLL
0x00007ffb7c850000 - 0x00007ffb7cb19000 	C:\WINDOWS\System32\KERNELBASE.dll
0x00007ffb7e3f0000 - 0x00007ffb7e49c000 	C:\WINDOWS\System32\ADVAPI32.dll
0x00007ffb7e5a0000 - 0x00007ffb7e63e000 	C:\WINDOWS\System32\msvcrt.dll
0x00007ffb7ece0000 - 0x00007ffb7ed7c000 	C:\WINDOWS\System32\sechost.dll
0x00007ffb7e070000 - 0x00007ffb7e19b000 	C:\WINDOWS\System32\RPCRT4.dll
0x00007ffb7e6d0000 - 0x00007ffb7e870000 	C:\WINDOWS\System32\USER32.dll
0x00007ffb7cd20000 - 0x00007ffb7cd42000 	C:\WINDOWS\System32\win32u.dll
0x00007ffb7e4a0000 - 0x00007ffb7e4ca000 	C:\WINDOWS\System32\GDI32.dll
0x00007ffb7cd50000 - 0x00007ffb7ce5b000 	C:\WINDOWS\System32\gdi32full.dll
0x00007ffb7cb80000 - 0x00007ffb7cc1d000 	C:\WINDOWS\System32\msvcp_win.dll
0x00007ffb7cf10000 - 0x00007ffb7d010000 	C:\WINDOWS\System32\ucrtbase.dll
0x00007ffb69c90000 - 0x00007ffb69f2b000 	C:\WINDOWS\WinSxS\amd64_microsoft.windows.common-controls_6595b64144ccf1df_6.0.19041.746_none_ca02b4b61b8320a4\COMCTL32.dll
0x00007ffb7b6d0000 - 0x00007ffb7b6da000 	C:\WINDOWS\SYSTEM32\VERSION.dll
0x00007ffb7d290000 - 0x00007ffb7d2c0000 	C:\WINDOWS\System32\IMM32.DLL
0x00007ffb77d50000 - 0x00007ffb77d66000 	C:\Java Development Kit\JDK 11\bin\vcruntime140.dll
0x00007ffb64130000 - 0x00007ffb641da000 	C:\Java Development Kit\JDK 11\bin\msvcp140.dll
0x00007ffaf3ef0000 - 0x00007ffaf4a18000 	C:\Java Development Kit\JDK 11\bin\server\jvm.dll
0x00007ffb7e060000 - 0x00007ffb7e068000 	C:\WINDOWS\System32\PSAPI.DLL
0x00007ffb67f30000 - 0x00007ffb67f39000 	C:\WINDOWS\SYSTEM32\WSOCK32.dll
0x00007ffb7d8a0000 - 0x00007ffb7d90b000 	C:\WINDOWS\System32\WS2_32.dll
0x00007ffb6f3f0000 - 0x00007ffb6f417000 	C:\WINDOWS\SYSTEM32\WINMM.dll
0x00007ffb7b690000 - 0x00007ffb7b6a2000 	C:\WINDOWS\SYSTEM32\kernel.appcore.dll
0x00007ffb65460000 - 0x00007ffb65471000 	C:\Java Development Kit\JDK 11\bin\verify.dll
0x00007ffb7a540000 - 0x00007ffb7a724000 	C:\WINDOWS\SYSTEM32\DBGHELP.DLL
0x00007ffb65480000 - 0x00007ffb654ac000 	C:\WINDOWS\SYSTEM32\dbgcore.DLL
0x00007ffb7cca0000 - 0x00007ffb7cd20000 	C:\WINDOWS\System32\bcryptPrimitives.dll
0x00007ffb64100000 - 0x00007ffb64129000 	C:\Java Development Kit\JDK 11\bin\java.dll
0x00007ffb23b80000 - 0x00007ffb23bb7000 	C:\Java Development Kit\JDK 11\bin\jdwp.dll
0x00007ffb23b50000 - 0x00007ffb23b7f000 	C:\Java Development Kit\JDK 11\bin\instrument.dll
0x00007ffb640e0000 - 0x00007ffb640f6000 	C:\Java Development Kit\JDK 11\bin\zip.dll
0x00007ffb77c80000 - 0x00007ffb77c8a000 	C:\Java Development Kit\JDK 11\bin\jimage.dll
0x00007ffb7d910000 - 0x00007ffb7e052000 	C:\WINDOWS\System32\SHELL32.dll
0x00007ffb7af00000 - 0x00007ffb7b690000 	C:\WINDOWS\SYSTEM32\windows.storage.dll
0x00007ffb7d540000 - 0x00007ffb7d896000 	C:\WINDOWS\System32\combase.dll
0x00007ffb7c1e0000 - 0x00007ffb7c20c000 	C:\WINDOWS\SYSTEM32\Wldp.dll
0x00007ffb7e340000 - 0x00007ffb7e3ee000 	C:\WINDOWS\System32\SHCORE.dll
0x00007ffb7d4e0000 - 0x00007ffb7d535000 	C:\WINDOWS\System32\shlwapi.dll
0x00007ffb7c780000 - 0x00007ffb7c7a6000 	C:\WINDOWS\SYSTEM32\profapi.dll
0x00007ffb67c10000 - 0x00007ffb67c1a000 	C:\Java Development Kit\JDK 11\bin\dt_socket.dll
0x00007ffb7bf60000 - 0x00007ffb7bfca000 	C:\WINDOWS\system32\mswsock.dll
0x00007ffb3a8f0000 - 0x00007ffb3a909000 	C:\Java Development Kit\JDK 11\bin\net.dll
0x00007ffb696d0000 - 0x00007ffb697d0000 	C:\WINDOWS\SYSTEM32\WINHTTP.dll
0x00007ffb33920000 - 0x00007ffb33933000 	C:\Java Development Kit\JDK 11\bin\nio.dll
0x00007ffb3b3f0000 - 0x00007ffb3b3f9000 	C:\Java Development Kit\JDK 11\bin\management.dll
0x00007ffb3b190000 - 0x00007ffb3b19c000 	C:\Java Development Kit\JDK 11\bin\management_ext.dll
0x00007ffb3f2c0000 - 0x00007ffb3f2d7000 	C:\WINDOWS\system32\napinsp.dll
0x00007ffb3f2a0000 - 0x00007ffb3f2bb000 	C:\WINDOWS\system32\pnrpnsp.dll
0x00007ffb3f280000 - 0x00007ffb3f295000 	C:\WINDOWS\system32\wshbth.dll
0x00007ffb77c00000 - 0x00007ffb77c1d000 	C:\WINDOWS\system32\NLAapi.dll
0x00007ffb7bc50000 - 0x00007ffb7bc8b000 	C:\WINDOWS\SYSTEM32\IPHLPAPI.DLL
0x00007ffb7bc90000 - 0x00007ffb7bd5b000 	C:\WINDOWS\SYSTEM32\DNSAPI.dll
0x00007ffb7e640000 - 0x00007ffb7e648000 	C:\WINDOWS\System32\NSI.dll
0x00007ffb3f250000 - 0x00007ffb3f262000 	C:\WINDOWS\System32\winrnr.dll
0x00007ffb68bf0000 - 0x00007ffb68bfa000 	C:\Windows\System32\rasadhlp.dll
0x00007ffb69650000 - 0x00007ffb696cf000 	C:\WINDOWS\System32\fwpuclnt.dll
0x00007ffb7cc70000 - 0x00007ffb7cc97000 	C:\WINDOWS\System32\bcrypt.dll
0x00007ffaecc50000 - 0x00007ffaecdef000 	C:\Java Development Kit\JDK 11\bin\awt.dll
0x00007ffb7f000000 - 0x00007ffb7f0cd000 	C:\WINDOWS\System32\OLEAUT32.dll
0x00007ffb784d0000 - 0x00007ffb78a90000 	C:\WINDOWS\SYSTEM32\d2d1.dll
0x00007ffb79b70000 - 0x00007ffb79c00000 	C:\WINDOWS\SYSTEM32\apphelp.dll
0x00007ffb7c130000 - 0x00007ffb7c148000 	C:\WINDOWS\SYSTEM32\CRYPTSP.dll
0x00007ffb7b900000 - 0x00007ffb7b934000 	C:\WINDOWS\system32\rsaenh.dll
0x00007ffb7c700000 - 0x00007ffb7c72e000 	C:\WINDOWS\SYSTEM32\USERENV.dll
0x00007ffb7c150000 - 0x00007ffb7c15c000 	C:\WINDOWS\SYSTEM32\CRYPTBASE.dll
0x00007ffb75d50000 - 0x00007ffb75d67000 	C:\WINDOWS\SYSTEM32\dhcpcsvc6.DLL
0x00007ffb74f90000 - 0x00007ffb74fad000 	C:\WINDOWS\SYSTEM32\dhcpcsvc.DLL
0x00007ffb79de0000 - 0x00007ffb79e7e000 	C:\WINDOWS\system32\uxtheme.dll
0x00007ffb7d170000 - 0x00007ffb7d285000 	C:\WINDOWS\System32\MSCTF.dll
0x00007ffb7d3b0000 - 0x00007ffb7d4da000 	C:\WINDOWS\System32\ole32.dll
0x00007ffb79fb0000 - 0x00007ffb79fdf000 	C:\WINDOWS\system32\DWMAPI.DLL
0x00007ffb23b10000 - 0x00007ffb23b4f000 	C:\Java Development Kit\JDK 11\bin\lcms.dll
0x00007ffb23ae0000 - 0x00007ffb23b07000 	C:\Java Development Kit\JDK 11\bin\sunec.dll
0x00007ffb3a8e0000 - 0x00007ffb3a8ed000 	C:\Java Development Kit\JDK 11\bin\sunmscapi.dll
0x00007ffb7d010000 - 0x00007ffb7d166000 	C:\WINDOWS\System32\CRYPT32.dll
0x00007ffb7c250000 - 0x00007ffb7c277000 	C:\WINDOWS\SYSTEM32\ncrypt.dll
0x00007ffb7c210000 - 0x00007ffb7c24b000 	C:\WINDOWS\SYSTEM32\NTASN1.dll

dbghelp: loaded successfully - version: 4.0.5 - missing functions: none
symbol engine: initialized successfully - sym options: 0x614 - pdb path: .;C:\Java Development Kit\JDK 11\bin;C:\WINDOWS\SYSTEM32;C:\WINDOWS\WinSxS\amd64_microsoft.windows.common-controls_6595b64144ccf1df_6.0.19041.746_none_ca02b4b61b8320a4;C:\Java Development Kit\JDK 11\bin\server

VM Arguments:
jvm_args: -agentlib:jdwp=transport=dt_socket,address=127.0.0.1:63705,suspend=y,server=n -javaagent:C:\Users\Hieu\AppData\Local\JetBrains\Toolbox\apps\IDEA-U\ch-0\203.7148.57\plugins\java\lib\rt\debugger-agent.jar -Dfile.encoding=UTF-8 
java_command: io.hieu.guitartech.GuitarTechApplication
java_class_path (initial): D:\Hieu\Computer_Programming\Computer_Programs\Java\guitar-tech\Java Back-end\IntelliJ IDEA\guitar-tech\target\classes;C:\Users\Hieu\.m2\repository\org\springframework\boot\spring-boot-starter-data-jpa\2.3.1.RELEASE\spring-boot-starter-data-jpa-2.3.1.RELEASE.jar;C:\Users\Hieu\.m2\repository\org\springframework\boot\spring-boot-starter-aop\2.3.1.RELEASE\spring-boot-starter-aop-2.3.1.RELEASE.jar;C:\Users\Hieu\.m2\repository\org\springframework\spring-aop\5.2.7.RELEASE\spring-aop-5.2.7.RELEASE.jar;C:\Users\Hieu\.m2\repository\org\aspectj\aspectjweaver\1.9.5\aspectjweaver-1.9.5.jar;C:\Users\Hieu\.m2\repository\org\springframework\boot\spring-boot-starter-jdbc\2.3.1.RELEASE\spring-boot-starter-jdbc-2.3.1.RELEASE.jar;C:\Users\Hieu\.m2\repository\com\zaxxer\HikariCP\3.4.5\HikariCP-3.4.5.jar;C:\Users\Hieu\.m2\repository\org\springframework\spring-jdbc\5.2.7.RELEASE\spring-jdbc-5.2.7.RELEASE.jar;C:\Users\Hieu\.m2\repository\jakarta\transaction\jakarta.transaction-api\1.3.3\jakarta.transaction-api-1.3.3.jar;C:\Users\Hieu\.m2\repository\jakarta\persistence\jakarta.persistence-api\2.2.3\jakarta.persistence-api-2.2.3.jar;C:\Users\Hieu\.m2\repository\org\hibernate\hibernate-core\5.4.17.Final\hibernate-core-5.4.17.Final.jar;C:\Users\Hieu\.m2\repository\org\javassist\javassist\3.24.0-GA\javassist-3.24.0-GA.jar;C:\Users\Hieu\.m2\repository\net\bytebuddy\byte-buddy\1.10.11\byte-buddy-1.10.11.jar;C:\Users\Hieu\.m2\repository\antlr\antlr\2.7.7\antlr-2.7.7.jar;C:\Users\Hieu\.m2\repository\org\jboss\jandex\2.1.3.Final\jandex-2.1.3.Final.jar;C:\Users\Hieu\.m2\repository\org\dom4j\dom4j\2.1.3\dom4j-2.1.3.jar;C:\Users\Hieu\.m2\repository\org\hibernate\common\hibernate-commons-annotations\5.1.0.Final\hibernate-commons-annotations-5.1.0.Final.jar;C:\Users\Hieu\.m2\repository\org\glassfish\jaxb\jaxb-runtime\2.3.3\jaxb-runtime-2.3.3.jar;C:\Users\Hieu\.m2\repository\org\glassfish\jaxb\txw2\2.3.3\txw2-2.3.3.jar;C:\Users\Hieu\.m2\repository\com\sun\istack\istack-common
Launcher Type: SUN_STANDARD

[Global flags]
     intx CICompilerCount                          = 4                                         {product} {ergonomic}
     uint ConcGCThreads                            = 2                                         {product} {ergonomic}
     uint G1ConcRefinementThreads                  = 8                                         {product} {ergonomic}
   size_t G1HeapRegionSize                         = 1048576                                   {product} {ergonomic}
    uintx GCDrainStackTargetSize                   = 64                                        {product} {ergonomic}
   size_t InitialHeapSize                          = 266338304                                 {product} {ergonomic}
   size_t MarkStackSize                            = 4194304                                   {product} {ergonomic}
   size_t MaxHeapSize                              = 4253024256                                {product} {ergonomic}
   size_t MaxNewSize                               = 2551185408                                {product} {ergonomic}
   size_t MinHeapDeltaBytes                        = 1048576                                   {product} {ergonomic}
    uintx NonNMethodCodeHeapSize                   = 5836300                                {pd product} {ergonomic}
    uintx NonProfiledCodeHeapSize                  = 122910970                              {pd product} {ergonomic}
    uintx ProfiledCodeHeapSize                     = 122910970                              {pd product} {ergonomic}
    uintx ReservedCodeCacheSize                    = 251658240                              {pd product} {ergonomic}
     bool SegmentedCodeCache                       = true                                      {product} {ergonomic}
     bool UseCompressedClassPointers               = true                                 {lp64_product} {ergonomic}
     bool UseCompressedOops                        = true                                 {lp64_product} {ergonomic}
     bool UseG1GC                                  = true                                      {product} {ergonomic}
     bool UseLargePagesIndividualAllocation        = false                                  {pd product} {ergonomic}

Logging:
Log output configuration:
 #0: stdout all=warning uptime,level,tags
 #1: stderr all=off uptime,level,tags

Environment Variables:
JAVA_HOME=C:\Java Development Kit\JDK 11
PATH=C:\app\Hieu\product\18.0.0\dbhomeXE\bin;C:\Python\Python 3;C:\Python\Python 3\Scripts;C:\Python27\;C:\Python27\Scripts;C:\WINDOWS;C:\WINDOWS\System32\Wbem;C:\WINDOWS\System32\WindowsPowerShell\v1.0\;C:\WINDOWS\System32\OpenSSH\;c:\Program Files (x86)\Microsoft SQL Server\110\DTS\Binn\;C:\Program Files\dotnet\;C:\Program Files\Microsoft SQL Server\Client SDK\ODBC\170\Tools\Binn\;C:\Java Development Kit\JDK 11\bin;C:\Apache Maven\apache-maven-3.6.2\bin;C:\Program Files\Microsoft\Web Platform Installer\;C:\Program Files (x86)\Microsoft SQL Server\120\DTS\Binn\;C:\Program Files (x86)\Microsoft SQL Server\130\DTS\Binn\;C:\Program Files (x86)\Microsoft SQL Server\140\DTS\Binn\;C:\Program Files\Microsoft DNX\Dnvm\;C:\Groovy\groovy-2.5.8\bin;C:\Gradle\gradle-6.4.1\bin;C:\Spring Boot CLI\spring-2.2.4.RELEASE\bin;C:\sqlite3;C:\ProgramData\chocolatey\bin;C:\Java Development Kit\JDK 8\bin;C:\WINDOWS\System32;C:\aspectj1.9\bin;C:\Oracle Glassfish\glassfish5\glassfish\bin;C:\Apache Derby\db-derby-10.8.1.2-bin\bin;C:\Users\Hieu\.jpm\windows\bin;C:\Program Files (x86)\Brackets\command;C:\Program Files\nodejs\;C:\Program Files\Microsoft SQL Server\Client SDK\ODBC\110\Tools\Binn\;C:\Program Files\MongoDB\Server\4.4\bin;C:\Program Files\Git\cmd;C:\Program Files\TortoiseSVN\bin;C:\Program Files\Amazon\AWSCLIV2\;C:\Go\bin;C:\PHP\;;C:\Program Files\Microsoft SQL Server\120\Tools\Binn\;C:\Program Files (x86)\Microsoft SQL Server\120\Tools\Binn\;C:\Program Files\Microsoft SQL Server\120\DTS\Binn\;C:\Program Files (x86)\Microsoft SQL Server\120\Tools\Binn\ManagementStudio\;C:\Program Files\Microsoft SQL Server\130\Tools\Binn\;C:\Ruby27-x64\bin;C:\RailsInstaller\Git\cmd;C:\RailsInstaller\Ruby2.3.3\bin;C:\Ruby25-x64\bin;C:\Program Files\MySQL\MySQL Shell 8.0\bin\;C:\Users\Hieu\AppData\Local\Programs\Microsoft VS Code\bin;C:\Users\Hieu\AppData\Local\GitHubDesktop\bin;C:\Users\Hieu\AppData\Local\atom\bin;C:\sqlite3;C:\Users\Hieu\AppData\Roaming\npm;C:\Users\Hieu\AppData\Local\Microsoft\Window
USERNAME=Hieu
OS=Windows_NT
PROCESSOR_IDENTIFIER=Intel64 Family 6 Model 142 Stepping 10, GenuineIntel



---------------  S Y S T E M  ---------------

OS: Windows 10 , 64 bit Build 19041 (10.0.19041.804)

CPU:total 8 (initial active 8) (4 cores per cpu, 2 threads per core) family 6 model 142 stepping 10, cmov, cx8, fxsr, mmx, sse, sse2, sse3, ssse3, sse4.1, sse4.2, popcnt, avx, avx2, aes, clmul, erms, 3dnowpref, lzcnt, ht, tsc, tscinvbit, bmi1, bmi2, adx, fma

Memory: 4k page, system-wide physical 16217M (2310M free)
TotalPageFile size 20871M (AvailPageFile size 44M)
current process WorkingSet (physical memory assigned to process): 509M, peak: 517M
current process commit charge ("private bytes"): 621M, peak: 676M

vm_info: Java HotSpot(TM) 64-Bit Server VM (11.0.5+10-LTS) for windows-amd64 JRE (11.0.5+10-LTS), built on Oct  6 2019 12:37:14 by "mach5one" with MS VC++ 15.5 (VS2017)

END.
